2001:67c:4e8::/48
2001:b28:f23c::/47
2001:b28:f23f::/48
2001:41d0::/32
2001:4860::/32
2400:6180::/48
2400:6180:10::/48
2400:6180:100::/40
2400:6680:f000::/36
2400:cb00::/32
2402:1f00::/32
2404:6800::/32
2404:f340::/32
2405:8100::/32
2405:b500::/32
2600:1902:200::/43
2602:faaa:1::/48
2604:2dc0::/32
2604:a880::/47
2604:a880:2::/48
2604:a880:4::/47
2604:a880:6::/48
2604:a880:400::/48
2604:a880:800::/48
2604:a880:cad::/48
2605:ef80::/32
2606:40::/32
2606:1f80:f000::/36
2606:4700::/32
2607:5300::/32
2607:f8b0::/32
2620:0:1c00::/40
2620:10d:c090::/44
2620:11a:a017::/48
2620:11a:a01c::/48
2620:11a:a024::/47
2620:11a:a02e::/48
2620:11a:a036::/47
2620:11a:a038::/46
2620:11a:a03c::/47
2620:11a:a03e::/48
2620:11a:a040::/44
2620:11a:a050::/47
2620:11a:a054::/48
2620:11a:a05b::/48
2620:120:e000::/40
2800:3f0::/32
2803:f800::/32
2a00:1450::/32
2a00:1588:d801::/48
2a00:1588:d802::/48
2a01:4f8::/31
2a01:4ff:ff01::/48
2a01:820::/32
2a01:827::/32
2a01:8d0::/32
2a03:2880::/32
2a03:2887:ff00::/48
2a03:2887:ff02::/48
2a03:2887:ff04::/46
2a03:2887:ff09::/48
2a03:2887:ff0a::/48
2a03:2887:ff1b::/48
2a03:2887:ff1c::/48
2a03:2887:ff1e::/48
2a03:2887:ff20::/48
2a03:2887:ff22::/47
2a03:2887:ff27::/48
2a03:2887:ff28::/46
2a03:2887:ff2f::/48
2a03:2887:ff30::/48
2a03:2887:ff33::/48
2a03:2887:ff37::/48
2a03:2887:ff38::/46
2a03:2887:ff3f::/48
2a03:2887:ff40::/46
2a03:2887:ff44::/47
2a03:2887:ff48::/46
2a03:2887:ff4d::/48
2a03:2887:ff4e::/47
2a03:2887:ff50::/45
2a03:2887:ff58::/47
2a03:2887:ff5a::/48
2a03:2887:ff5f::/48
2a03:2887:ff60::/48
2a03:2887:ff62::/47
2a03:2887:ff64::/46
2a03:2887:ff68::/47
2a03:2887:ff6a::/48
2a03:2887:ff70::/47
2a03:b0c0::/46
2a03:b0c0:fffc::/48
2a03:b0c0:ffff::/48
2a04:9d40:f000::/36
2a06:98c0::/29
2a06:be80::/29
2a0a:f280::/32
2a0f:f4c1:2::/48
2a11:e980::/29
2a12:2240::/29
2c0f:ef78:3::/48
2c0f:ef78:5::/48
2c0f:ef78:9::/48
2c0f:ef78:c::/47
2c0f:ef78:e::/48
2c0f:ef78:10::/47
2c0f:f248::/32
2c0f:fb50::/32